2018-07-22 10:48:57,194 INFO Binary found at /Users/brad.hurley/.pyenv/versions/duck_typing/bin/pyre.bin
2018-07-22 10:48:57,195 DEBUG Trying with: `/Users/brad.hurley/.pyenv/versions/3.6.5/envs/duck_typing/lib/python3.6/site-packages/pyre_check/pyre_check/typeshed/`
2018-07-22 10:48:57,195 DEBUG Trying with: `/Users/brad.hurley/.pyenv/versions/3.6.5/envs/duck_typing/lib/python3.6/site-packages/pyre_check/typeshed/`
2018-07-22 10:48:57,195 DEBUG Trying with: `/Users/brad.hurley/.pyenv/versions/3.6.5/envs/duck_typing/lib/python3.6/pyre_check/typeshed/`
2018-07-22 10:48:57,195 DEBUG Trying with: `/Users/brad.hurley/.pyenv/versions/3.6.5/envs/duck_typing/lib/pyre_check/typeshed/`
2018-07-22 10:48:57,195 PROMPT Which directory should pyre be initialized in? (Default: `.`): 
2018-07-22 10:49:16,341 INFO Successfully initialized pyre! You can view the configuration at `/Users/brad.hurley/repo/pyohio-duck-typing/example_code/pyre/.pyre_configuration`.
2018-07-22 10:49:49,513 DEBUG No configuration found at `.pyre_configuration.local`.
2018-07-22 10:49:49,513 DEBUG Reading configuration `.pyre_configuration`...
2018-07-22 10:49:49,513 DEBUG Found source directories `/Users/brad.hurley/repo/pyohio-duck-typing/example_code/pyre`
2018-07-22 10:49:49,520 DEBUG Running `/Users/brad.hurley/.pyenv/versions/duck_typing/bin/pyre.bin check -project-root /Users/brad.hurley/repo/pyohio-duck-typing/example_code/pyre -workers 4 -typeshed /Users/brad.hurley/.pyenv/versions/3.6.5/envs/duck_typing/lib/pyre_check/typeshed/ /Users/brad.hurley/repo/pyohio-duck-typing/example_code/pyre`
2018-07-22 10:49:49,657 INFO Finding type stubs in `/Users/brad.hurley/repo/pyohio-duck-typing/example_code/pyre`...
2018-07-22 10:49:49,675 INFO Finding type stubs in `/Users/brad.hurley/.pyenv/versions/3.6.5/envs/duck_typing/lib/pyre_check/typeshed/stdlib`...
2018-07-22 10:49:49,690 INFO Finding type stubs in `/Users/brad.hurley/.pyenv/versions/3.6.5/envs/duck_typing/lib/pyre_check/typeshed/third_party`...
2018-07-22 10:49:49,791 INFO Parsing 643 stubs and external sources...
2018-07-22 10:49:50,198 PERFORMANCE Stubs parsed: 0.513058s
2018-07-22 10:49:50,262 INFO Parsing 1 sources in `/Users/brad.hurley/repo/pyohio-duck-typing/example_code/pyre`...
2018-07-22 10:49:50,294 PERFORMANCE Sources parsed: 0.064119s
2018-07-22 10:49:50,294 PERFORMANCE Registered ignores: 0.031596s
2018-07-22 10:49:50,399 INFO Building type environment...
2018-07-22 10:49:50,757 PERFORMANCE Stub environment built: 0.463267s
2018-07-22 10:49:50,758 PERFORMANCE Full environment built: 0.000158s
2018-07-22 10:49:50,861 INFO Adding environment information to shared memory...
2018-07-22 10:49:50,943 PERFORMANCE Added environment to shared memory: 0.185333s
2018-07-22 10:49:51,032 INFO Inferring protocol implementations...
2018-07-22 10:49:51,073 PERFORMANCE Inferred protocol implementations: 0.088729s
2018-07-22 10:49:51,106 INFO Checking...
2018-07-22 10:49:51,107 INFO Processed 1 of 1 sources
2018-07-22 10:49:51,120 PERFORMANCE Analyzed sources: 0.032844s
2018-07-22 10:49:51,131 PERFORMANCE Check: 1.470275s
2018-07-22 10:49:51,132 ERROR Found 1 type error!

